____________________________________________________________________
Description...Incorrectly drawn top window
Symptom.......Flickering top window
Fix...........Set offset of window to 5760 (End of Status bar)
Time to Find..Immediately
Time to Fix...Approx. 1 Hour
____________________________________________________________________
____________________________________________________________________
Description...Status Bar Not Scrolling Down
Symptom.......Cannot see bunnysuit
Fix...........Set scanline to 399 instead of 400
Time to Find..Approx. 2 Hours
Time to Fix...Approx. 1 Minute
____________________________________________________________________
____________________________________________________________________
Description...Palette indices were incorrect
Symptom.......Black screen testing Octree
Fix...........Correct palette indices
Time to Find..Approx. 3 Hours
Time to Fix...Approx. 1 Hour
____________________________________________________________________
____________________________________________________________________
Description...Incorrectly subtracting level 4 nodes from level 2 nodes
Symptom......."Funky" Colors
Fix...........Choose level 2 nodes after choosing level 4 nodes
Time to Find..Approx. 2 Hours
Time to Fix...Approx. 1 Hour
____________________________________________________________________
____________________________________________________________________
Description...Taking LSB bits from photo pixels
Symptom.......Weird colors
Fix...........Take MSB from photo pixels
Time to Find..Approx. 3 Hours
Time to Fix...Approx. 1 Hour
____________________________________________________________________
____________________________________________________________________
Description...Not waiting for reset device to finish 
Symptom.......Tux not sending packets
Fix...........Implemented a command queue for synchronization
Time to Find..Approx. 1 Hour
Time to Fix...Approx. 1 Hour
____________________________________________________________________
____________________________________________________________________
Description...Incorrect parsing of set LED argument
Symptom.......Incorrect numbers being displayed on Tux
Fix...........Correct the parsing
Time to Find..Approx. 3 Hours
Time to Fix...Approx. 1 Hour
____________________________________________________________________
____________________________________________________________________
Description...Incorrect packet parsing from tux
Symptom.......Button returns incorrect enum
Fix...........Switched the bits
Time to Find..Approx. 2 Hours
Time to Fix...Approx. 2 Hour
____________________________________________________________________
____________________________________________________________________
Description...Did not implement thread for display_time_on_tux
Symptom.......Crashing on reset in adventure mode
Fix...........Implemented separate thread for Tux
Time to Find..Approx. 2 Hours
Time to Fix...Approx. 1 Hour
____________________________________________________________________
____________________________________________________________________
Description...Did not take out print statements from Tux
Symptom.......Flickering Screen
Fix...........Removed all printk's
Time to Find..1Hr
Time to Fix...1Min
____________________________________________________________________
____________________________________________________________________
Description...Did not set Serial Port Properly
Symptom.......Could not start Dev machine
Fix...........set the serial port to the correct one
Time to Find..30mins
Time to Fix...1Min
____________________________________________________________________
____________________________________________________________________
Description...Incorrectly calling IOCTL
Symptom.......Tux is not initializing
Fix...........Called the correct command with correct file descriptor
Time to Find..1hr
Time to Fix...5mins
____________________________________________________________________
____________________________________________________________________
Description...Was not synchronizing Tux
Symptom.......Kernel Panic After Touching buttons with Tux in Adventure
Fix...........Added a lock
Time to Find..2hrs
Time to Fix...1hr
____________________________________________________________________
____________________________________________________________________
Description...
Symptom.......
Fix...........
Time to Find..
Time to Fix...
____________________________________________________________________
____________________________________________________________________
Description...
Symptom.......
Fix...........
Time to Find..
Time to Fix...
____________________________________________________________________